2021-09-07 14:35:29-log: [Package] Profile Migrate: program@Cocos Creator...
2021-09-07 14:35:29-log: [Package] Profile Migrate: program@Cocos Creator...
2021-09-07 14:35:29-log: [Package] Profile Migrate: device@Cocos Creator...
2021-09-07 14:35:29-log: [Package] Profile Migrate: device@Cocos Creator...
2021-09-07 14:35:29-log: [Package] Profile Migrate: engine@Cocos Creator...
2021-09-07 14:35:29-log: [Package] menu@1.0.0 enable
2021-09-07 14:35:29-log: [Package] profile@1.0.0 enable
2021-09-07 14:35:29-log: [Package] messages@1.0.0 enable
2021-09-07 14:35:29-log: [Package] program@1.0.0 enable
2021-09-07 14:35:29-log: [Package] device@1.0.1 enable
2021-09-07 14:35:29-log: [Package] ui-kit@1.0.1 enable
2021-09-07 14:35:29-log: [Package] tester@1.0.0 enable
2021-09-07 14:35:29-log: [Package] preferences@1.0.0 enable
2021-09-07 14:35:29-log: Setup mods mgr.: 352.897ms
2021-09-07 14:35:29-log: [Package] engine@1.0.5 enable
2021-09-07 14:35:34-log: [Package] programming@1.0.0 enable
2021-09-07 14:35:34-log: [Package] asset-db@1.0.0 enable
2021-09-07 14:35:34-log: [Package] console@1.0.0 enable
2021-09-07 14:35:34-log: [Package] scene@1.0.0 enable
2021-09-07 14:35:34-log: [Package] project@1.0.1 enable
2021-09-07 14:35:34-log: [Package] about@1.0.0 enable
2021-09-07 14:35:34-log: [Package] server@1.0.0 enable
2021-09-07 14:35:34-log: [Package] utils@1.0.0 enable
2021-09-07 14:35:34-log: [Package] assets@1.0.0 enable
2021-09-07 14:35:34-log: [Package] inspector@1.0.0 enable
2021-09-07 14:35:34-log: [Package] hierarchy@1.0.0 enable
2021-09-07 14:35:37-log: [Package] preview@1.0.1 enable
2021-09-07 14:35:37-log: [Package] animator@1.0.0 enable
2021-09-07 14:35:38-log: [Package] builder@1.2.8 enable
2021-09-07 14:35:38-log: [Package] node-library@1.0.0 enable
2021-09-07 14:35:38-log: [Package] shortcuts@1.0.1 enable
2021-09-07 14:35:38-log: [Package] importer@1.0.0 enable
2021-09-07 14:35:38-log: [Package] package-asset@1.0.0 enable
2021-09-07 14:35:38-log: [Package] reference-image@1.0.0 enable
2021-09-07 14:35:38-log: [Package] channel-upload-tools@1.0.0 enable
2021-09-07 14:35:38-log: [Package] runtime-dev-tools@1.0.0 enable
2021-09-07 14:35:38-log: [Package] alipay-mini-game@1.0.0 enable
2021-09-07 14:35:38-log: [Package] android@1.0.0 enable
2021-09-07 14:35:38-log: [Package] baidu-mini-game@1.0.0 enable
2021-09-07 14:35:38-log: [Package] bytedance-mini-game@1.0.0 enable
2021-09-07 14:35:38-log: [Package] huawei-agc@1.0.0 enable
2021-09-07 14:35:38-warn: ios:Developer team information not found
2021-09-07 14:35:38-warn: Command failed: xcrun security find-identity -v -p codesigning
xcrun: error: active developer path ("/Applications/Xcode 10.2.app/Contents/Developer") does not exist
Use `sudo xcode-select --switch path/to/Xcode.app` to specify the Xcode that you wish to use for command line developer tools, or use `xcode-select --install` to install the standalone command line developer tools.
See `man xcode-select` for more details.

2021-09-07 14:35:38-log: [Package] ios@1.0.0 enable
2021-09-07 14:35:38-log: [Package] ios-app-clip@1.0.0 enable
2021-09-07 14:35:38-log: [Package] mac@1.0.0 enable
2021-09-07 14:35:39-log: [Package] native@1.0.0 enable
2021-09-07 14:35:39-log: [Package] ohos@1.0.0 enable
2021-09-07 14:35:39-log: [Package] web-desktop@1.0.0 enable
2021-09-07 14:35:39-log: [Package] web-mobile@1.0.0 enable
2021-09-07 14:35:39-log: [Package] wechatgame@1.0.0 enable
2021-09-07 14:35:39-log: [Package] windows@1.0.0 enable
2021-09-07 14:35:39-log: [Package] xiaomi-quick-game@1.0.0 enable
2021-09-07 14:35:39-log: [Package] cocos-play@1.0.0 enable
2021-09-07 14:35:39-log: [Package] huawei-quick-game@1.0.0 enable
2021-09-07 14:35:39-log: [Package] link-sure@1.0.0 enable
2021-09-07 14:35:39-log: [Package] oppo-mini-game@1.0.0 enable
2021-09-07 14:35:39-log: [Package] qtt@1.0.0 enable
2021-09-07 14:35:39-log: [Package] vivo-mini-game@1.0.0 enable
2021-09-07 14:35:40-log: [Package] cocos-service@3.0.1 enable
2021-09-07 14:35:40-log: [Package] extension@3.0.8 enable
2021-09-07 14:35:41-log: [Package] im-plugin@3.0.6 enable
2021-09-07 14:35:41-log: [Package] lightmap@1.0.3 enable
2021-09-07 14:35:49-log: [Scene] begin init
2021-09-07 14:35:49-log: [Scene] require engine end
2021-09-07 14:35:49-log: [Scene] Serialize end
2021-09-07 14:35:49-log: [Scene] configureStartup end
2021-09-07 14:35:49-info: [Scene] WebGL2 device initialized.
2021-09-07 14:35:49-log: [Scene] Cocos Creator v3.3.0
2021-09-07 14:35:49-info: [Scene] Forward render pipeline initialized.
2021-09-07 14:35:50-log: [Scene] openEngine end
2021-09-07 14:35:50-log: [Scene] configureEngine end
2021-09-07 14:39:30-warn: [Scene] can't create prefabAsset from a prefabNode inside a prefabInstance
2021-09-07 14:39:39-error: [Scene] The Asset used by node "New Node" is missing. Detailed information:
Missing uuid: "4c4519b2-f4a3-4d74-aa33-9c0d508a26b4"

2021-09-07 14:39:39-error: [Scene] The Asset used by node "New Node" is missing. Detailed information:
Missing uuid: "4c4519b2-f4a3-4d74-aa33-9c0d508a26b4"

2021-09-07 14:47:47-error: [Scene] The Asset used by node "New Node" is missing. Detailed information:
Missing uuid: "eebf8be5-bcb3-4c44-b8ec-af220f67bdf5"

2021-09-07 14:50:46-error: [Scene] The Asset used by node "New Node" in scene "scene" is missing. Detailed information:
Asset url: "db://assets/scene"
Missing uuid: "4c4519b2-f4a3-4d74-aa33-9c0d508a26b4"

2021-09-07 14:50:46-error: [Scene] The Asset used by node "New Node" in scene "scene" is missing. Detailed information:
Asset url: "db://assets/scene"
Missing uuid: "4c4519b2-f4a3-4d74-aa33-9c0d508a26b4"

2021-09-07 14:52:14-error: [Scene] Cannot read property 'filter' of null
2021-09-07 15:29:40-warn: [Scene] Node [NM] is a prefab child of prefabInstance [Sprite], it's not allowed to delete in current context, you can delete it in it's prefabAsset or         do it after unlink prefab from root node
2021-09-07 15:29:42-warn: [Scene] Node [NM] is a prefab child of prefabInstance [Sprite], it's not allowed to delete in current context, you can delete it in it's prefabAsset or         do it after unlink prefab from root node
2021-09-07 15:29:44-warn: [Scene] Node [DP] is a prefab child of prefabInstance [Sprite], it's not allowed to delete in current context, you can delete it in it's prefabAsset or         do it after unlink prefab from root node
